Using pre-set license
Built from '2020.2/release' branch; Version is '2020.2.1f1 (270dd8c3da1c) revision 2559448'; Using compiler version '192528614'; Build Type 'Release'
OS: 'Windows 10  (10.0.0) 64bit' Language: 'tr' Physical Memory: 16272 MB
BatchMode: 1, IsHumanControllingUs: 0, StartBugReporterOnCrash: 0, Is64bit: 1, IsPro: 0

 COMMAND LINE ARGUMENTS:
C:\Program Files\Unity\Hub\Editor\2020.2.1f1\Editor\Unity.exe
-adb2
-batchMode
-noUpm
-name
AssetImportWorker0
-projectPath
C:/Users/SEVAL/Desktop/Game/FlappySlimeTry
-logFile
Logs/AssetImportWorker0.log
-srvPort
49340
Successfully changed project path to: C:/Users/SEVAL/Desktop/Game/FlappySlimeTry
C:/Users/SEVAL/Desktop/Game/FlappySlimeTry
Using Asset Import Pipeline V2.
Refreshing native plugins compatible for Editor in 29.70 ms, found 0 plugins.
Preloading 0 native plugins for Editor in 0.00 ms.
Initialize engine version: 2020.2.1f1 (270dd8c3da1c)
[Subsystems] Discovering subsystems at path C:/Program Files/Unity/Hub/Editor/2020.2.1f1/Editor/Data/Resources/UnitySubsystems
[Subsystems] Discovering subsystems at path C:/Users/SEVAL/Desktop/Game/FlappySlimeTry/Assets
GfxDevice: creating device client; threaded=0
Direct3D:
    Version:  Direct3D 11.0 [level 11.1]
    Renderer: NVIDIA GeForce GTX 1050 (ID=0x1c8d)
    Vendor:   
    VRAM:     4050 MB
    Driver:   22.21.13.8205
Initialize mono
Mono path[0] = 'C:/Program Files/Unity/Hub/Editor/2020.2.1f1/Editor/Data/Managed'
Mono path[1] = 'C:/Program Files/Unity/Hub/Editor/2020.2.1f1/Editor/Data/MonoBleedingEdge/lib/mono/unityjit'
Mono config path = 'C:/Program Files/Unity/Hub/Editor/2020.2.1f1/Editor/Data/MonoBleedingEdge/etc'
Using monoOptions --debugger-agent=transport=dt_socket,embedding=1,server=y,suspend=n,address=127.0.0.1:56720
Begin MonoManager ReloadAssembly
Registering precompiled unity dll's ...
Register platform support module: C:/Program Files/Unity/Hub/Editor/2020.2.1f1/Editor/Data/PlaybackEngines/WebGLSupport/UnityEditor.WebGL.Extensions.dll
Register platform support module: C:/Program Files/Unity/Hub/Editor/2020.2.1f1/Editor/Data/PlaybackEngines/WindowsStandaloneSupport/UnityEditor.WindowsStandalone.Extensions.dll
Registered in 0.011436 seconds.
Native extension for WindowsStandalone target not found
Native extension for WebGL target not found
Refreshing native plugins compatible for Editor in 44.14 ms, found 0 plugins.
Preloading 0 native plugins for Editor in 0.00 ms.
Invoked RoslynAnalysisRunner static constructor.
RoslynAnalysisRunner will not be running.
RoslynAnalysisRunner has terminated.
Mono: successfully reloaded assembly
- Completed reload, in  9.482 seconds
Platform modules already initialized, skipping
Registering precompiled user dll's ...
Registered in 0.001035 seconds.
Begin MonoManager ReloadAssembly
Native extension for WindowsStandalone target not found
Native extension for WebGL target not found
Refreshing native plugins compatible for Editor in 0.35 ms, found 0 plugins.
Preloading 0 native plugins for Editor in 0.00 ms.
Invoked RoslynAnalysisRunner static constructor.
RoslynAnalysisRunner will not be running.
RoslynAnalysisRunner has terminated.
Mono: successfully reloaded assembly
- Completed reload, in  1.039 seconds
Platform modules already initialized, skipping
========================================================================
Worker process is ready to serve import requests
Launched and connected shader compiler UnityShaderCompiler.exe after 0.09 seconds
Refreshing native plugins compatible for Editor in 0.24 ms, found 0 plugins.
Preloading 0 native plugins for Editor in 0.00 ms.
Unloading 1103 Unused Serialized files (Serialized files now loaded: 0)
System memory in use before: 56.7 MB.
System memory in use after: 56.8 MB.

Unloading 10 unused Assets to reduce memory usage. Loaded Objects now: 1545.
Total: 1.845700 ms (FindLiveObjects: 0.142300 ms CreateObjectMapping: 0.102700 ms MarkObjects: 1.501600 ms  DeleteObjects: 0.098100 ms)

========================================================================
Received Import Request.
  path: Assets/Scripts/Ads/RewardAdController.cs
  artifactKey: Guid(6cd3035a34e7feb46bbb51041f422ecd) Importer(815301076,1909f56bfc062723c751e8b465ee728b)
Start importing Assets/Scripts/Ads/RewardAdController.cs using Guid(6cd3035a34e7feb46bbb51041f422ecd) Importer(815301076,1909f56bfc062723c751e8b465ee728b)  -> (artifact id: '91dcbbfe35714c05d6c0bfbaf60c8e9a') in 0.068394 seconds
  Import took 0.070667 seconds .

========================================================================
Received Import Request.
  Time since last request: 0.000626 seconds.
  path: Assets/Scripts/Ads/EventManager.cs
  artifactKey: Guid(8f4814eb14520a04bab29eeeaaa8d5f2) Importer(815301076,1909f56bfc062723c751e8b465ee728b)
Start importing Assets/Scripts/Ads/EventManager.cs using Guid(8f4814eb14520a04bab29eeeaaa8d5f2) Importer(815301076,1909f56bfc062723c751e8b465ee728b)  -> (artifact id: 'f98c4291cc7746b5f0a2d727e4ca71a0') in 0.005400 seconds
  Import took 0.007622 seconds .

========================================================================
Received Import Request.
  Time since last request: 0.000532 seconds.
  path: Assets/Scripts/Ads
  artifactKey: Guid(acbf238233c36044cbda5b8210095945) Importer(815301076,1909f56bfc062723c751e8b465ee728b)
Start importing Assets/Scripts/Ads using Guid(acbf238233c36044cbda5b8210095945) Importer(815301076,1909f56bfc062723c751e8b465ee728b)  -> (artifact id: '137f5f0b8fff08bfd970877c3c24f02e') in 0.005266 seconds
  Import took 0.007635 seconds .

========================================================================
Received Import Request.
  Time since last request: 0.000365 seconds.
  path: Assets/Scripts/Ads/BannerAdController.cs
  artifactKey: Guid(c4d2429cbfd45ca4db219dab8dafd718) Importer(815301076,1909f56bfc062723c751e8b465ee728b)
Start importing Assets/Scripts/Ads/BannerAdController.cs using Guid(c4d2429cbfd45ca4db219dab8dafd718) Importer(815301076,1909f56bfc062723c751e8b465ee728b)  -> (artifact id: '35d3f96a62429566502621836d8920a2') in 0.005146 seconds
  Import took 0.007074 seconds .

========================================================================
Received Import Request.
  Time since last request: 0.000471 seconds.
  path: Assets/Scripts/Ads/AdsManager.cs
  artifactKey: Guid(b732f23e780ea804c81ff901e8185cde) Importer(815301076,1909f56bfc062723c751e8b465ee728b)
Start importing Assets/Scripts/Ads/AdsManager.cs using Guid(b732f23e780ea804c81ff901e8185cde) Importer(815301076,1909f56bfc062723c751e8b465ee728b)  -> (artifact id: '91ecb55fa00f33ec1c76c646e4bea305') in 0.006164 seconds
  Import took 0.008474 seconds .

========================================================================
Received Import Request.
  Time since last request: 0.000412 seconds.
  path: Assets/Scripts
  artifactKey: Guid(45dbf484dad9f044f853f681b7bf474d) Importer(815301076,1909f56bfc062723c751e8b465ee728b)
Start importing Assets/Scripts using Guid(45dbf484dad9f044f853f681b7bf474d) Importer(815301076,1909f56bfc062723c751e8b465ee728b)  -> (artifact id: '7c1a6325993dcf244c48b67e77414c47') in 0.005830 seconds
  Import took 0.008521 seconds .

AssetImportWorkerClient::OnTransportError - code=2 error=End of file
